2020-04-07 12:41:38,301 [apscheduler.scheduler] [INFO] Adding job tentatively -- it will be properly scheduled when the scheduler starts
2020-04-07 12:41:38,759 [root] [INFO] **************1**************
2020-04-07 12:41:39,118 [root] [INFO] 写入MongoDB成功
2020-04-07 12:41:39,247 [root] [INFO] **************2**************
2020-04-07 12:41:39,303 [root] [INFO] 写入MongoDB成功
2020-04-07 12:41:39,441 [root] [INFO] **************3**************
2020-04-07 12:41:39,495 [root] [INFO] 写入MongoDB成功
2020-04-07 12:41:39,658 [root] [INFO] **************4**************
2020-04-07 12:41:39,716 [root] [INFO] 写入MongoDB成功
2020-04-07 12:41:39,850 [root] [INFO] **************5**************
2020-04-07 12:41:39,905 [root] [INFO] 写入MongoDB成功
2020-04-07 12:41:40,048 [root] [INFO] **************6**************
2020-04-07 12:41:40,106 [root] [INFO] 写入MongoDB成功
2020-04-07 12:41:40,267 [root] [INFO] **************7**************
2020-04-07 12:41:40,331 [root] [INFO] 写入MongoDB成功
2020-04-07 12:41:40,364 [apscheduler.scheduler] [INFO] Added job "main" to job store "default"
2020-04-07 12:41:40,366 [apscheduler.scheduler] [INFO] Scheduler started
2020-04-07 16:02:26,762 [apscheduler.scheduler] [INFO] Adding job tentatively -- it will be properly scheduled when the scheduler starts
2020-04-07 16:02:27,700 [root] [INFO] **************1**************
2020-04-07 16:02:27,779 [root] [INFO] **************2**************
2020-04-07 16:02:27,851 [root] [INFO] **************3**************
2020-04-07 16:02:27,922 [root] [INFO] **************4**************
2020-04-07 16:02:27,995 [root] [INFO] **************5**************
2020-04-07 16:02:28,076 [root] [INFO] **************6**************
2020-04-07 16:02:28,155 [root] [INFO] **************7**************
2020-04-07 16:02:28,168 [apscheduler.scheduler] [INFO] Added job "main" to job store "default"
2020-04-07 16:02:28,168 [apscheduler.scheduler] [INFO] Scheduler started
2020-04-07 16:10:06,381 [apscheduler.scheduler] [INFO] Adding job tentatively -- it will be properly scheduled when the scheduler starts
2020-04-07 16:10:06,791 [root] [INFO] **************1**************
2020-04-07 16:10:07,151 [root] [INFO] 写入MongoDB成功
2020-04-07 16:10:07,282 [root] [INFO] **************2**************
2020-04-07 16:10:07,335 [root] [INFO] 写入MongoDB成功
2020-04-07 16:10:07,423 [root] [INFO] **************3**************
2020-04-07 16:10:07,477 [root] [INFO] 写入MongoDB成功
2020-04-07 16:10:07,563 [root] [INFO] **************4**************
2020-04-07 16:10:07,616 [root] [INFO] 写入MongoDB成功
2020-04-07 16:10:07,706 [root] [INFO] **************5**************
2020-04-07 16:10:07,760 [root] [INFO] 写入MongoDB成功
2020-04-07 16:10:07,856 [root] [INFO] **************6**************
2020-04-07 16:10:07,910 [root] [INFO] 写入MongoDB成功
2020-04-07 16:10:07,999 [root] [INFO] **************7**************
2020-04-07 16:10:08,053 [root] [INFO] 写入MongoDB成功
2020-04-07 16:10:08,061 [apscheduler.scheduler] [INFO] Added job "main" to job store "default"
2020-04-07 16:10:08,061 [apscheduler.scheduler] [INFO] Scheduler started
2020-04-07 16:12:01,613 [apscheduler.scheduler] [INFO] Adding job tentatively -- it will be properly scheduled when the scheduler starts
2020-04-07 16:12:01,987 [root] [INFO] **************1**************
2020-04-07 16:12:02,809 [root] [INFO] 写入MongoDB成功
2020-04-07 16:12:03,262 [root] [INFO] **************2**************
2020-04-07 16:12:03,326 [root] [INFO] 写入MongoDB成功
2020-04-07 16:12:03,412 [root] [INFO] **************3**************
2020-04-07 16:12:03,464 [root] [INFO] 写入MongoDB成功
2020-04-07 16:12:03,561 [root] [INFO] **************4**************
2020-04-07 16:12:03,613 [root] [INFO] 写入MongoDB成功
2020-04-07 16:12:03,713 [root] [INFO] **************5**************
2020-04-07 16:12:03,765 [root] [INFO] 写入MongoDB成功
2020-04-07 16:12:03,864 [root] [INFO] **************6**************
2020-04-07 16:12:03,918 [root] [INFO] 写入MongoDB成功
2020-04-07 16:12:04,023 [root] [INFO] **************7**************
2020-04-07 16:12:04,082 [root] [INFO] 写入MongoDB成功
2020-04-07 16:12:04,105 [apscheduler.scheduler] [INFO] Added job "main" to job store "default"
2020-04-07 16:12:04,105 [apscheduler.scheduler] [INFO] Scheduler started
2020-04-07 16:12:43,114 [apscheduler.scheduler] [INFO] Adding job tentatively -- it will be properly scheduled when the scheduler starts
2020-04-07 16:12:43,446 [root] [INFO] **************1**************
2020-04-07 16:12:43,855 [root] [INFO] 写入MongoDB成功
2020-04-07 16:12:44,021 [root] [INFO] **************2**************
2020-04-07 16:12:44,082 [root] [INFO] 写入MongoDB成功
2020-04-07 16:12:44,156 [root] [INFO] **************3**************
2020-04-07 16:12:44,210 [root] [INFO] 写入MongoDB成功
2020-04-07 16:12:44,283 [root] [INFO] **************4**************
2020-04-07 16:12:44,340 [root] [INFO] 写入MongoDB成功
2020-04-07 16:12:44,446 [root] [INFO] **************5**************
2020-04-07 16:12:44,508 [root] [INFO] 写入MongoDB成功
2020-04-07 16:12:44,613 [root] [INFO] **************6**************
2020-04-07 16:12:44,675 [root] [INFO] 写入MongoDB成功
2020-04-07 16:12:44,776 [root] [INFO] **************7**************
2020-04-07 16:12:44,839 [root] [INFO] 写入MongoDB成功
2020-04-07 16:12:44,853 [apscheduler.scheduler] [INFO] Added job "main" to job store "default"
2020-04-07 16:12:44,854 [apscheduler.scheduler] [INFO] Scheduler started
2020-04-07 20:04:01,054 [apscheduler.scheduler] [INFO] Adding job tentatively -- it will be properly scheduled when the scheduler starts
2020-04-07 20:04:01,946 [root] [INFO] **************1**************
2020-04-07 20:04:03,238 [root] [INFO] 写入MongoDB成功
2020-04-07 20:04:03,522 [root] [INFO] **************2**************
2020-04-07 20:04:03,591 [root] [INFO] 写入MongoDB成功
2020-04-07 20:04:03,708 [root] [INFO] **************3**************
2020-04-07 20:04:03,865 [root] [INFO] 写入MongoDB成功
2020-04-07 20:04:04,053 [root] [INFO] **************4**************
2020-04-07 20:04:04,205 [root] [INFO] 写入MongoDB成功
2020-04-07 20:04:04,398 [root] [INFO] **************5**************
2020-04-07 20:04:04,727 [root] [INFO] 写入MongoDB成功
2020-04-07 20:04:04,852 [root] [INFO] **************6**************
2020-04-07 20:04:04,934 [root] [INFO] 写入MongoDB成功
2020-04-07 20:04:05,048 [root] [INFO] **************7**************
2020-04-07 20:04:05,146 [root] [INFO] 写入MongoDB成功
2020-04-07 20:04:05,173 [apscheduler.scheduler] [INFO] Added job "main" to job store "default"
2020-04-07 20:04:05,173 [apscheduler.scheduler] [INFO] Scheduler started
2020-04-07 20:04:54,290 [apscheduler.scheduler] [INFO] Adding job tentatively -- it will be properly scheduled when the scheduler starts
2020-04-07 20:04:54,658 [root] [INFO] **************1**************
2020-04-07 20:04:56,914 [root] [INFO] 写入MongoDB成功
2020-04-07 20:04:57,069 [root] [INFO] **************2**************
2020-04-07 20:04:57,123 [root] [INFO] 写入MongoDB成功
2020-04-07 20:04:57,229 [root] [INFO] **************3**************
2020-04-07 20:04:57,286 [root] [INFO] 写入MongoDB成功
2020-04-07 20:04:57,386 [root] [INFO] **************4**************
2020-04-07 20:04:57,449 [root] [INFO] 写入MongoDB成功
2020-04-07 20:04:57,560 [root] [INFO] **************5**************
2020-04-07 20:04:57,624 [root] [INFO] 写入MongoDB成功
2020-04-07 20:04:57,723 [root] [INFO] **************6**************
2020-04-07 20:04:57,777 [root] [INFO] 写入MongoDB成功
2020-04-07 20:04:57,886 [root] [INFO] **************7**************
2020-04-07 20:04:57,941 [root] [INFO] 写入MongoDB成功
2020-04-07 20:04:57,961 [apscheduler.scheduler] [INFO] Added job "main" to job store "default"
2020-04-07 20:04:57,962 [apscheduler.scheduler] [INFO] Scheduler started
2020-04-07 20:16:22,872 [apscheduler.scheduler] [INFO] Adding job tentatively -- it will be properly scheduled when the scheduler starts
2020-04-07 20:16:23,170 [root] [INFO] **************1**************
2020-04-07 20:16:23,599 [root] [INFO] 写入MongoDB成功
2020-04-07 20:16:23,733 [root] [INFO] **************2**************
2020-04-07 20:16:23,799 [root] [INFO] 写入MongoDB成功
2020-04-07 20:16:23,928 [root] [INFO] **************3**************
2020-04-07 20:16:23,994 [root] [INFO] 写入MongoDB成功
2020-04-07 20:16:24,125 [root] [INFO] **************4**************
2020-04-07 20:16:24,187 [root] [INFO] 写入MongoDB成功
2020-04-07 20:16:24,313 [root] [INFO] **************5**************
2020-04-07 20:16:24,382 [root] [INFO] 写入MongoDB成功
2020-04-07 20:16:24,526 [root] [INFO] **************6**************
2020-04-07 20:16:24,588 [root] [INFO] 写入MongoDB成功
2020-04-07 20:16:24,709 [root] [INFO] **************7**************
2020-04-07 20:16:24,791 [root] [INFO] 写入MongoDB成功
2020-04-07 20:16:24,812 [apscheduler.scheduler] [INFO] Added job "main" to job store "default"
2020-04-07 20:16:24,812 [apscheduler.scheduler] [INFO] Scheduler started
2020-04-07 20:18:28,362 [apscheduler.scheduler] [INFO] Adding job tentatively -- it will be properly scheduled when the scheduler starts
2020-04-07 20:18:28,757 [root] [INFO] **************1**************
2020-04-07 20:18:29,124 [root] [INFO] 写入MongoDB成功
2020-04-07 20:18:29,379 [root] [INFO] **************2**************
2020-04-07 20:18:29,451 [root] [INFO] 写入MongoDB成功
2020-04-07 20:18:29,627 [root] [INFO] **************3**************
2020-04-07 20:18:29,713 [root] [INFO] 写入MongoDB成功
2020-04-07 20:18:29,865 [root] [INFO] **************4**************
2020-04-07 20:18:29,933 [root] [INFO] 写入MongoDB成功
2020-04-07 20:18:30,106 [root] [INFO] **************5**************
2020-04-07 20:18:30,187 [root] [INFO] 写入MongoDB成功
2020-04-07 20:18:30,346 [root] [INFO] **************6**************
2020-04-07 20:18:30,416 [root] [INFO] 写入MongoDB成功
2020-04-07 20:18:30,589 [root] [INFO] **************7**************
2020-04-07 20:18:30,681 [root] [INFO] 写入MongoDB成功
2020-04-07 20:18:30,687 [apscheduler.scheduler] [INFO] Added job "main" to job store "default"
2020-04-07 20:18:30,687 [apscheduler.scheduler] [INFO] Scheduler started
2020-04-07 20:21:43,377 [apscheduler.scheduler] [INFO] Adding job tentatively -- it will be properly scheduled when the scheduler starts
2020-04-07 20:21:43,843 [root] [INFO] **************1**************
2020-04-07 20:21:44,204 [root] [INFO] 写入MongoDB成功
2020-04-07 20:21:44,358 [root] [INFO] **************1**************
2020-04-07 20:21:44,423 [root] [INFO] 写入MongoDB成功
2020-04-07 20:21:44,580 [root] [INFO] **************2**************
2020-04-07 20:21:44,641 [root] [INFO] 写入MongoDB成功
2020-04-07 20:21:44,816 [root] [INFO] **************2**************
2020-04-07 20:21:44,946 [root] [INFO] 写入MongoDB成功
2020-04-07 20:21:45,128 [root] [INFO] **************3**************
2020-04-07 20:21:45,188 [root] [INFO] 写入MongoDB成功
2020-04-07 20:21:45,337 [root] [INFO] **************3**************
2020-04-07 20:21:45,400 [root] [INFO] 写入MongoDB成功
2020-04-07 20:21:45,554 [root] [INFO] **************4**************
2020-04-07 20:21:45,626 [root] [INFO] 写入MongoDB成功
2020-04-07 20:21:45,774 [root] [INFO] **************4**************
2020-04-07 20:21:45,836 [root] [INFO] 写入MongoDB成功
2020-04-07 20:21:45,988 [root] [INFO] **************5**************
2020-04-07 20:21:46,051 [root] [INFO] 写入MongoDB成功
2020-04-07 20:21:46,219 [root] [INFO] **************5**************
2020-04-07 20:21:46,280 [root] [INFO] 写入MongoDB成功
2020-04-07 20:21:46,431 [root] [INFO] **************6**************
2020-04-07 20:21:46,520 [root] [INFO] 写入MongoDB成功
2020-04-07 20:21:46,675 [root] [INFO] **************6**************
2020-04-07 20:21:46,733 [root] [INFO] 写入MongoDB成功
2020-04-07 20:21:46,891 [root] [INFO] **************7**************
2020-04-07 20:21:46,956 [root] [INFO] 写入MongoDB成功
2020-04-07 20:21:47,111 [root] [INFO] **************7**************
2020-04-07 20:21:47,175 [root] [INFO] 写入MongoDB成功
2020-04-07 20:21:47,191 [apscheduler.scheduler] [INFO] Added job "main" to job store "default"
2020-04-07 20:21:47,191 [apscheduler.scheduler] [INFO] Scheduler started
2020-04-07 20:45:37,895 [apscheduler.scheduler] [INFO] Adding job tentatively -- it will be properly scheduled when the scheduler starts
2020-04-07 20:45:38,365 [root] [INFO] **************1**************
2020-04-07 20:45:38,531 [root] [INFO] **************1**************
2020-04-07 20:45:38,758 [root] [INFO] **************2**************
2020-04-07 20:45:38,938 [root] [INFO] **************2**************
2020-04-07 20:45:39,081 [root] [INFO] **************3**************
2020-04-07 20:45:39,230 [root] [INFO] **************3**************
2020-04-07 20:45:39,364 [root] [INFO] **************4**************
2020-04-07 20:45:39,557 [root] [INFO] **************4**************
2020-04-07 20:45:39,702 [root] [INFO] **************5**************
2020-04-07 20:45:39,855 [root] [INFO] **************5**************
2020-04-07 20:45:39,998 [root] [INFO] **************6**************
2020-04-07 20:45:40,136 [root] [INFO] **************6**************
2020-04-07 20:45:40,344 [root] [INFO] **************7**************
2020-04-07 20:45:40,448 [root] [INFO] **************7**************
2020-04-07 20:45:40,468 [apscheduler.scheduler] [INFO] Added job "main" to job store "default"
2020-04-07 20:45:40,468 [apscheduler.scheduler] [INFO] Scheduler started
2020-04-07 20:49:25,143 [apscheduler.scheduler] [INFO] Adding job tentatively -- it will be properly scheduled when the scheduler starts
2020-04-07 20:49:25,735 [root] [INFO] **************1**************
2020-04-07 20:50:20,483 [apscheduler.scheduler] [INFO] Adding job tentatively -- it will be properly scheduled when the scheduler starts
2020-04-07 20:50:20,813 [root] [INFO] **************1**************
2020-04-07 20:59:47,595 [apscheduler.scheduler] [INFO] Adding job tentatively -- it will be properly scheduled when the scheduler starts
2020-04-07 20:59:48,240 [root] [INFO] **************1**************
2020-04-07 21:00:34,762 [apscheduler.scheduler] [INFO] Adding job tentatively -- it will be properly scheduled when the scheduler starts
2020-04-07 21:00:35,117 [root] [INFO] **************1**************
2020-04-07 21:00:35,460 [root] [INFO] **************1**************
2020-04-07 21:00:35,772 [root] [INFO] **************2**************
2020-04-07 21:00:36,102 [root] [INFO] **************2**************
2020-04-07 21:00:36,424 [root] [INFO] **************3**************
2020-04-07 21:00:36,723 [root] [INFO] **************3**************
2020-04-07 21:00:37,065 [root] [INFO] **************4**************
2020-04-07 21:00:37,317 [root] [INFO] **************4**************
2020-04-07 21:00:37,718 [root] [INFO] **************5**************
2020-04-07 21:00:38,071 [root] [INFO] **************5**************
2020-04-07 21:00:38,378 [root] [INFO] **************6**************
2020-04-07 21:00:38,765 [root] [INFO] **************6**************
2020-04-07 21:00:39,107 [root] [INFO] **************7**************
2020-04-07 21:00:39,435 [root] [INFO] **************7**************
2020-04-07 21:00:39,611 [apscheduler.scheduler] [INFO] Added job "main" to job store "default"
2020-04-07 21:00:39,612 [apscheduler.scheduler] [INFO] Scheduler started
2020-04-07 21:03:35,263 [apscheduler.scheduler] [INFO] Adding job tentatively -- it will be properly scheduled when the scheduler starts
2020-04-07 21:03:35,746 [root] [INFO] **************1**************
2020-04-07 21:06:46,434 [apscheduler.scheduler] [INFO] Adding job tentatively -- it will be properly scheduled when the scheduler starts
2020-04-07 21:06:46,984 [root] [INFO] **************1**************
2020-04-07 21:06:47,429 [root] [INFO] **************1**************
2020-04-07 21:06:47,828 [root] [INFO] **************2**************
2020-04-07 21:06:48,232 [root] [INFO] **************2**************
2020-04-07 21:06:48,613 [root] [INFO] **************3**************
2020-04-07 21:06:49,061 [root] [INFO] **************3**************
2020-04-07 21:06:49,493 [root] [INFO] **************4**************
2020-04-07 21:06:49,874 [root] [INFO] **************4**************
2020-04-07 21:06:50,268 [root] [INFO] **************5**************
2020-04-07 21:06:50,644 [root] [INFO] **************5**************
2020-04-07 21:06:51,003 [root] [INFO] **************6**************
2020-04-07 21:06:51,367 [root] [INFO] **************6**************
2020-04-07 21:06:51,734 [root] [INFO] **************7**************
2020-04-07 21:06:52,135 [root] [INFO] **************7**************
2020-04-07 21:06:52,380 [apscheduler.scheduler] [INFO] Added job "main" to job store "default"
2020-04-07 21:06:52,381 [apscheduler.scheduler] [INFO] Scheduler started
2020-04-07 21:09:54,573 [apscheduler.scheduler] [INFO] Adding job tentatively -- it will be properly scheduled when the scheduler starts
2020-04-07 21:09:54,920 [root] [INFO] **************1**************
2020-04-07 21:09:55,277 [root] [INFO] **************1**************
2020-04-07 21:09:55,728 [root] [INFO] **************2**************
2020-04-07 21:09:56,104 [root] [INFO] **************2**************
2020-04-07 21:09:56,480 [root] [INFO] **************3**************
2020-04-07 21:09:56,873 [root] [INFO] **************3**************
2020-04-07 21:09:57,274 [root] [INFO] **************4**************
2020-04-07 21:09:57,672 [root] [INFO] **************4**************
2020-04-07 21:09:58,057 [root] [INFO] **************5**************
2020-04-07 21:09:58,420 [root] [INFO] **************5**************
2020-04-07 21:09:58,797 [root] [INFO] **************6**************
2020-04-07 21:09:59,225 [root] [INFO] **************6**************
2020-04-07 21:09:59,594 [root] [INFO] **************7**************
2020-04-07 21:09:59,959 [root] [INFO] **************7**************
2020-04-07 21:10:00,204 [apscheduler.scheduler] [INFO] Added job "main" to job store "default"
2020-04-07 21:10:00,205 [apscheduler.scheduler] [INFO] Scheduler started
2020-04-07 21:11:38,742 [apscheduler.scheduler] [INFO] Adding job tentatively -- it will be properly scheduled when the scheduler starts
2020-04-07 21:11:39,196 [root] [INFO] **************1**************
2020-04-07 21:11:39,638 [root] [INFO] **************1**************
2020-04-07 21:11:40,149 [root] [INFO] **************2**************
2020-04-07 21:11:40,531 [root] [INFO] **************2**************
2020-04-07 21:11:40,965 [root] [INFO] **************3**************
2020-04-07 21:11:41,340 [root] [INFO] **************3**************
2020-04-07 21:11:41,712 [root] [INFO] **************4**************
2020-04-07 21:11:42,152 [root] [INFO] **************4**************
2020-04-07 21:11:42,617 [root] [INFO] **************5**************
2020-04-07 21:11:43,007 [root] [INFO] **************5**************
2020-04-07 21:11:43,516 [root] [INFO] **************6**************
2020-04-07 21:11:43,933 [root] [INFO] **************6**************
2020-04-07 21:11:44,316 [root] [INFO] **************7**************
2020-04-07 21:11:44,684 [root] [INFO] **************7**************
2020-04-07 21:11:44,976 [apscheduler.scheduler] [INFO] Added job "main" to job store "default"
2020-04-07 21:11:44,977 [apscheduler.scheduler] [INFO] Scheduler started
2020-04-07 21:13:28,860 [apscheduler.scheduler] [INFO] Adding job tentatively -- it will be properly scheduled when the scheduler starts
2020-04-07 21:13:29,229 [root] [INFO] **************1**************
2020-04-07 21:13:29,604 [root] [INFO] **************1**************
2020-04-07 21:13:29,948 [root] [INFO] **************2**************
2020-04-07 21:13:30,398 [root] [INFO] **************2**************
2020-04-07 21:13:30,760 [root] [INFO] **************3**************
2020-04-07 21:13:31,132 [root] [INFO] **************3**************
2020-04-07 21:13:31,532 [root] [INFO] **************4**************
2020-04-07 21:13:31,900 [root] [INFO] **************4**************
2020-04-07 21:13:32,266 [root] [INFO] **************5**************
2020-04-07 21:13:32,650 [root] [INFO] **************5**************
2020-04-07 21:13:33,043 [root] [INFO] **************6**************
2020-04-07 21:13:33,438 [root] [INFO] **************6**************
2020-04-07 21:13:33,820 [root] [INFO] **************7**************
2020-04-07 21:13:34,282 [root] [INFO] **************7**************
2020-04-07 21:13:34,510 [apscheduler.scheduler] [INFO] Added job "main" to job store "default"
2020-04-07 21:13:34,510 [apscheduler.scheduler] [INFO] Scheduler started
2020-04-07 21:14:57,155 [apscheduler.scheduler] [INFO] Adding job tentatively -- it will be properly scheduled when the scheduler starts
2020-04-07 21:14:57,662 [root] [INFO] **************1**************
2020-04-07 21:14:57,986 [root] [INFO] **************1**************
2020-04-07 21:14:58,355 [root] [INFO] **************2**************
2020-04-07 21:14:58,708 [root] [INFO] **************2**************
2020-04-07 21:14:59,045 [root] [INFO] **************3**************
2020-04-07 21:14:59,452 [root] [INFO] **************3**************
2020-04-07 21:14:59,830 [root] [INFO] **************4**************
2020-04-07 21:15:00,199 [root] [INFO] **************4**************
2020-04-07 21:15:00,573 [root] [INFO] **************5**************
2020-04-07 21:15:00,964 [root] [INFO] **************5**************
2020-04-07 21:15:01,325 [root] [INFO] **************6**************
2020-04-07 21:15:01,711 [root] [INFO] **************6**************
2020-04-07 21:15:02,066 [root] [INFO] **************7**************
2020-04-07 21:15:02,440 [root] [INFO] **************7**************
2020-04-07 21:15:02,694 [apscheduler.scheduler] [INFO] Added job "main" to job store "default"
2020-04-07 21:15:02,695 [apscheduler.scheduler] [INFO] Scheduler started
2020-04-07 21:19:23,203 [apscheduler.scheduler] [INFO] Adding job tentatively -- it will be properly scheduled when the scheduler starts
2020-04-07 21:19:24,119 [root] [INFO] **************1**************
2020-04-07 21:19:24,275 [root] [INFO] **************1**************
2020-04-07 21:19:24,425 [root] [INFO] **************2**************
2020-04-07 21:19:24,567 [root] [INFO] **************2**************
2020-04-07 21:19:24,715 [root] [INFO] **************3**************
2020-04-07 21:19:24,863 [root] [INFO] **************3**************
2020-04-07 21:19:25,074 [root] [INFO] **************4**************
2020-04-07 21:19:25,218 [root] [INFO] **************4**************
2020-04-07 21:19:25,369 [root] [INFO] **************5**************
2020-04-07 21:19:25,520 [root] [INFO] **************5**************
2020-04-07 21:19:25,671 [root] [INFO] **************6**************
2020-04-07 21:19:25,876 [root] [INFO] **************6**************
2020-04-07 21:19:26,136 [root] [INFO] **************7**************
2020-04-07 21:19:26,395 [root] [INFO] **************7**************
2020-04-07 21:19:26,423 [apscheduler.scheduler] [INFO] Added job "main" to job store "default"
2020-04-07 21:19:26,423 [apscheduler.scheduler] [INFO] Scheduler started
2020-04-07 21:28:25,134 [apscheduler.scheduler] [INFO] Adding job tentatively -- it will be properly scheduled when the scheduler starts
2020-04-07 21:28:25,508 [root] [INFO] **************1**************
2020-04-07 21:28:25,917 [root] [INFO] **************1**************
2020-04-07 21:28:26,240 [root] [INFO] **************2**************
2020-04-07 21:28:26,659 [root] [INFO] **************2**************
2020-04-07 21:28:26,964 [root] [INFO] **************3**************
2020-04-07 21:28:27,325 [root] [INFO] **************3**************
2020-04-07 21:28:27,627 [root] [INFO] **************4**************
2020-04-07 21:28:27,931 [root] [INFO] **************4**************
2020-04-07 21:28:28,256 [root] [INFO] **************5**************
2020-04-07 21:28:28,577 [root] [INFO] **************5**************
2020-04-07 21:28:28,893 [root] [INFO] **************6**************
2020-04-07 21:28:29,283 [root] [INFO] **************6**************
2020-04-07 21:28:29,642 [root] [INFO] **************7**************
2020-04-07 21:28:29,973 [root] [INFO] **************7**************
2020-04-07 21:28:30,198 [apscheduler.scheduler] [INFO] Added job "main" to job store "default"
2020-04-07 21:28:30,199 [apscheduler.scheduler] [INFO] Scheduler started
2020-04-07 21:28:41,943 [apscheduler.scheduler] [INFO] Adding job tentatively -- it will be properly scheduled when the scheduler starts
2020-04-07 21:28:42,323 [root] [INFO] **************1**************
2020-04-07 21:28:42,621 [root] [INFO] **************1**************
2020-04-07 21:28:42,976 [root] [INFO] **************2**************
2020-04-07 21:28:43,273 [root] [INFO] **************2**************
2020-04-07 21:28:43,582 [root] [INFO] **************3**************
2020-04-07 21:28:43,903 [root] [INFO] **************3**************
2020-04-07 21:28:44,231 [root] [INFO] **************4**************
2020-04-07 21:28:44,550 [root] [INFO] **************4**************
2020-04-07 21:28:44,908 [root] [INFO] **************5**************
2020-04-07 21:28:45,222 [root] [INFO] **************5**************
2020-04-07 21:28:45,604 [root] [INFO] **************6**************
2020-04-07 21:28:45,923 [root] [INFO] **************6**************
2020-04-07 21:28:46,238 [root] [INFO] **************7**************
2020-04-07 21:28:46,622 [root] [INFO] **************7**************
2020-04-07 21:28:46,817 [apscheduler.scheduler] [INFO] Added job "main" to job store "default"
2020-04-07 21:28:46,818 [apscheduler.scheduler] [INFO] Scheduler started
2020-04-07 21:35:09,258 [apscheduler.scheduler] [INFO] Adding job tentatively -- it will be properly scheduled when the scheduler starts
2020-04-07 21:35:09,890 [root] [INFO] **************1**************
2020-04-07 21:36:13,831 [apscheduler.scheduler] [INFO] Adding job tentatively -- it will be properly scheduled when the scheduler starts
2020-04-07 21:36:14,314 [root] [INFO] **************1**************
2020-04-07 21:36:16,672 [apscheduler.scheduler] [INFO] Adding job tentatively -- it will be properly scheduled when the scheduler starts
2020-04-07 21:36:16,988 [root] [INFO] **************1**************
2020-04-07 21:37:55,704 [apscheduler.scheduler] [INFO] Adding job tentatively -- it will be properly scheduled when the scheduler starts
2020-04-07 21:37:56,067 [root] [INFO] **************1**************
2020-04-07 21:37:56,223 [root] [INFO] **************1**************
2020-04-07 21:37:56,389 [root] [INFO] **************2**************
2020-04-07 21:37:56,530 [root] [INFO] **************2**************
2020-04-07 21:37:56,663 [root] [INFO] **************3**************
2020-04-07 21:37:56,807 [root] [INFO] **************3**************
2020-04-07 21:37:56,967 [root] [INFO] **************4**************
2020-04-07 21:37:57,120 [root] [INFO] **************4**************
2020-04-07 21:37:57,274 [root] [INFO] **************5**************
2020-04-07 21:37:57,447 [root] [INFO] **************5**************
2020-04-07 21:37:57,622 [root] [INFO] **************6**************
2020-04-07 21:37:57,756 [root] [INFO] **************6**************
2020-04-07 21:37:57,904 [root] [INFO] **************7**************
2020-04-07 21:37:58,064 [root] [INFO] **************7**************
2020-04-07 21:37:58,082 [apscheduler.scheduler] [INFO] Added job "main" to job store "default"
2020-04-07 21:37:58,083 [apscheduler.scheduler] [INFO] Scheduler started
2020-04-07 21:41:24,083 [apscheduler.scheduler] [INFO] Adding job tentatively -- it will be properly scheduled when the scheduler starts
2020-04-07 21:41:24,569 [root] [INFO] **************1**************
2020-04-07 21:41:25,069 [root] [INFO] **************1**************
2020-04-07 21:41:25,422 [root] [INFO] **************2**************
2020-04-07 21:41:25,834 [root] [INFO] **************2**************
2020-04-07 21:41:26,278 [root] [INFO] **************3**************
2020-04-07 21:41:26,615 [root] [INFO] **************3**************
2020-04-07 21:41:26,941 [root] [INFO] **************4**************
2020-04-07 21:41:27,361 [root] [INFO] **************4**************
2020-04-07 21:41:27,702 [root] [INFO] **************5**************
2020-04-07 21:41:28,087 [root] [INFO] **************5**************
2020-04-07 21:41:28,404 [root] [INFO] **************6**************
2020-04-07 21:41:28,778 [root] [INFO] **************6**************
2020-04-07 21:41:29,089 [root] [INFO] **************7**************
2020-04-07 21:41:29,404 [root] [INFO] **************7**************
2020-04-07 21:41:29,602 [apscheduler.scheduler] [INFO] Added job "main" to job store "default"
2020-04-07 21:41:29,602 [apscheduler.scheduler] [INFO] Scheduler started
2020-04-08 15:08:49,561 [apscheduler.scheduler] [INFO] Adding job tentatively -- it will be properly scheduled when the scheduler starts
2020-04-08 15:08:50,265 [root] [INFO] **************1**************
2020-04-08 15:08:50,589 [root] [INFO] **************1**************
2020-04-08 15:08:50,907 [root] [INFO] **************2**************
2020-04-08 15:08:51,240 [root] [INFO] **************2**************
2020-04-08 15:08:51,605 [root] [INFO] **************3**************
2020-04-08 15:08:51,917 [root] [INFO] **************3**************
2020-04-08 15:08:52,243 [root] [INFO] **************4**************
2020-04-08 15:08:52,572 [root] [INFO] **************4**************
2020-04-08 15:08:52,896 [root] [INFO] **************5**************
2020-04-08 15:08:53,162 [root] [INFO] **************5**************
2020-04-08 15:08:53,420 [root] [INFO] **************6**************
2020-04-08 15:08:53,693 [root] [INFO] **************6**************
2020-04-08 15:08:53,957 [root] [INFO] **************7**************
2020-04-08 15:08:54,224 [root] [INFO] **************7**************
2020-04-08 15:08:54,420 [apscheduler.scheduler] [INFO] Added job "main" to job store "default"
2020-04-08 15:08:54,422 [apscheduler.scheduler] [INFO] Scheduler started
